<?xml version="1.0" encoding="UTF-8"?>
<!-- Generated by org.testng.reporters.JUnitReportReporter -->
<testsuite skipped="0" hostname="DT170" name="com.crm.qa.testcases.HomePageTest" tests="2" failures="0" timestamp="30 Dec 2019 08:27:40 GMT" time="41.120" errors="0">
  <testcase name="validateUserIsOnHomePageTest" time="11.652" classname="com.crm.qa.testcases.HomePageTest"/>
  <testcase name="validateContactsTest" time="29.468" classname="com.crm.qa.testcases.HomePageTest"/>
</testsuite> <!-- com.crm.qa.testcases.HomePageTest -->
