<?xml version="1.0" encoding="UTF-8"?>
<!-- Generated by org.testng.reporters.JUnitReportReporter -->
<testsuite skipped="0" hostname="DT170" name="com.crm.qa.testcases.ContactsPageTest" tests="2" failures="0" timestamp="30 Dec 2019 08:27:40 GMT" time="26.254" errors="0">
  <testcase name="validateAddNewContactBtnIsDisplayedTest" time="13.585" classname="com.crm.qa.testcases.ContactsPageTest"/>
  <testcase name="validateNewButtonIsClickableTest" time="12.669" classname="com.crm.qa.testcases.ContactsPageTest"/>
</testsuite> <!-- com.crm.qa.testcases.ContactsPageTest -->
