<?xml version="1.0" encoding="UTF-8"?>
<!-- Generated by org.testng.reporters.JUnitReportReporter -->
<testsuite skipped="1" hostname="DT170" name="com.crm.qa.testcases.CreateNewContactPageTest" tests="1" failures="0" timestamp="30 Dec 2019 08:27:40 GMT" time="0.000" errors="0">
  <testcase name="createNewContactTest" time="0.000" classname="com.crm.qa.testcases.CreateNewContactPageTest">
    <skipped/>
  </testcase> <!-- createNewContactTest -->
</testsuite> <!-- com.crm.qa.testcases.CreateNewContactPageTest -->
