<?xml version="1.0" encoding="UTF-8"?>
<!-- Generated by org.testng.reporters.JUnitReportReporter -->
<testsuite skipped="0" hostname="DT170" name="com.crm.qa.testcases.LoginWindowPageTest" tests="1" failures="0" timestamp="30 Dec 2019 08:27:40 GMT" time="21.294" errors="0">
  <testcase name="validateLoginFunctionalityTest" time="21.294" classname="com.crm.qa.testcases.LoginWindowPageTest"/>
</testsuite> <!-- com.crm.qa.testcases.LoginWindowPageTest -->
